<?xml version="1.0" encoding="UTF-8" ?>
<testsuite tests="3" failures="0" name="com.esencjal.twitter.like.tags.TestTagExtractor" time="0" errors="0" skipped="0">
  <properties>
[...]
</properties>
  <testcase classname="com.esencjal.twitter.like.tags.TestTagExtractor" name="test_should_return_empty_list_when_message_without_tags" time="0"/>
  <testcase classname="com.esencjal.twitter.like.tags.TestTagExtractor" name="test_should_return_two_element_list_when_message_contains_two_tags_with_non_ascii_char" time="0"/>
  <testcase classname="com.esencjal.twitter.like.tags.TestTagExtractor" name="test_should_return_two_element_list_when_message_contains_two_tags" time="0"/>
</testsuite>